libtd/build/intermediates/manifest_merge_blame_file/debug/manifest-merger-blame-debug-report.txt
1<?xml version="1.0" encoding="utf-8"?>
2<!--
3  ~ This file is part of TD.
4  ~
5  ~ TD is free software: you can redistribute it and/or modify
6  ~ it under the terms of the GNU Lesser General Public License as published by
7  ~ the Free Software Foundation, either version 2 of the License, or
8  ~ (at your option) any later version.
9  ~
10  ~ TD is distributed in the hope that it will be useful,
11  ~ but WITHOUT ANY WARRANTY; without even the implied warranty of
12  ~ MERCHANTABILITY or FITNESS FOR A PARTICULAR PURPOSE.  See the
13  ~ GNU Lesser General Public License for more details.
14  ~
15  ~ You should have received a copy of the GNU Lesser General Public License
16  ~ along with TD.  If not, see <http://www.gnu.org/licenses/>.
17  ~
18  ~ Copyright 2014-2015 Arseny Smirnov
19  ~           2014-2015 Aliaksei Levin
20-->
21<manifest xmlns:android="http://schemas.android.com/apk/res/android"
22    package="org.drinkless.td.libcore"
23    android:versionCode="1"
24    android:versionName="1.0" >
25
26    <uses-sdk
27        android:minSdkVersion="16"
27-->src/main/AndroidManifest.xml
28        android:targetSdkVersion="28" />
28-->src/main/AndroidManifest.xml
29
30    <uses-permission android:name="android.permission.INTERNET" />
30-->src/main/AndroidManifest.xml:24:5-66
30-->src/main/AndroidManifest.xml:24:22-64
31    <uses-permission android:name="android.permission.WRITE_EXTERNAL_STORAGE" />
31-->src/main/AndroidManifest.xml:25:5-80
31-->src/main/AndroidManifest.xml:25:22-78
32
33    <application
33-->src/main/AndroidManifest.xml:26:5-30:19
34        android:allowBackup="true"
34-->src/main/AndroidManifest.xml:26:18-44
35        android:label="@string/app_name" >
35-->src/main/AndroidManifest.xml:27:9-41
36    </application>
37
38</manifest>